<?xml version="1.0" encoding="UTF-8"?>
<!-- Generated by org.testng.reporters.JUnitReportReporter -->
<testsuite hostname="DESKTOP-1A6SHU7" failures="0" tests="1" name="basePackage.BaseClass" time="47.884" errors="0" timestamp="2021-08-10T15:08:15 IST" skipped="0">
  <testcase classname="basePackage.BaseClass" name="CarScrapping" time="47.884"/>
  <system-out/>
</testsuite> <!-- basePackage.BaseClass -->
