<?xml version="1.0" encoding="UTF-8"?>
<!-- Generated by org.testng.reporters.JUnitReportReporter -->
<testsuite hostname="Ganesh" failures="0" tests="1" name="pack.test.cases.Task2" time="45.626" errors="0" timestamp="2021-09-08T15:50:11 IST" skipped="0">
  <testcase classname="pack.test.cases.Task2" name="TC01_Carvana_Get_All_OfferDetails" time="45.626"/>
  <system-out/>
</testsuite> <!-- pack.test.cases.Task2 -->
