<?xml version="1.0" encoding="UTF-8"?>
<!-- Generated by org.testng.reporters.JUnitReportReporter -->
<testsuite hostname="Ganesh" failures="0" tests="1" name="pack.test.cases.Task1" time="328.496" errors="0" timestamp="2021-09-07T16:41:10 IST" skipped="0">
  <testcase classname="pack.test.cases.Task1" name="TC020_Phoenix_Getting_All_Cars_Data_Test" time="328.496"/>
  <system-out/>
</testsuite> <!-- pack.test.cases.Task1 -->
